2025-12-19 18:41:49,924 - root - INFO - MFA Service initialized successfully
2025-12-19 18:41:49,930 - root - INFO - Audit Service initialized successfully
2025-12-19 18:41:49,938 - root - INFO - Notification Service: Redis connection established
2025-12-19 18:41:49,939 - root - INFO - Initialized 15 notification templates
2025-12-19 18:41:49,940 - root - INFO - Notification Service initialized successfully
2025-12-19 18:41:49,943 - root - INFO - Payment Service initialized in sandbox mode
2025-12-19 18:41:49,945 - root - INFO - Risk Service initialized successfully
2025-12-19 18:41:49,947 - root - INFO - Dashboard Service initialized successfully
2025-12-19 18:41:49,953 - root - INFO - Currency Service: Redis connection established
2025-12-19 18:41:49,954 - root - INFO - Currency Service initialized successfully
2025-12-19 18:41:49,957 - root - INFO - USSD Service initialized with code: *123#
2025-12-19 18:41:49,960 - root - INFO - BI Integration Service initialized
2025-12-19 18:41:49,963 - root - INFO - KYC Service initialized
2025-12-19 18:41:49,965 - root - INFO - AML Service initialized
2025-12-19 18:41:49,969 - root - INFO - GDPR Service initialized
2025-12-19 18:41:49,973 - root - INFO - Voice Assistant initialized
2025-12-19 18:41:49,976 - root - INFO - Voice Analytics initialized
2025-12-19 18:41:49,980 - root - INFO - Demand Forecasting initialized
2025-12-19 18:41:49,985 - root - INFO - Inventory Optimization initialized
2025-12-19 18:41:49,989 - root - INFO - ETL Service initialized
2025-12-19 18:41:52,014 - app - INFO - Application initialized successfully
2025-12-19 18:44:11,219 - root - INFO - MFA Service initialized successfully
2025-12-19 18:44:11,233 - root - INFO - Audit Service initialized successfully
2025-12-19 18:44:11,241 - root - INFO - Notification Service: Redis connection established
2025-12-19 18:44:11,242 - root - INFO - Initialized 15 notification templates
2025-12-19 18:44:11,243 - root - INFO - Notification Service initialized successfully
2025-12-19 18:44:11,245 - root - INFO - Payment Service initialized in sandbox mode
2025-12-19 18:44:11,249 - root - INFO - Risk Service initialized successfully
2025-12-19 18:44:11,251 - root - INFO - Dashboard Service initialized successfully
2025-12-19 18:44:11,260 - root - INFO - Currency Service: Redis connection established
2025-12-19 18:44:11,261 - root - INFO - Currency Service initialized successfully
2025-12-19 18:44:11,263 - root - INFO - USSD Service initialized with code: *123#
2025-12-19 18:44:11,267 - root - INFO - BI Integration Service initialized
2025-12-19 18:44:11,269 - root - INFO - KYC Service initialized
2025-12-19 18:44:11,272 - root - INFO - AML Service initialized
2025-12-19 18:44:11,276 - root - INFO - GDPR Service initialized
2025-12-19 18:44:11,279 - root - INFO - Voice Assistant initialized
2025-12-19 18:44:11,282 - root - INFO - Voice Analytics initialized
2025-12-19 18:44:11,284 - root - INFO - Demand Forecasting initialized
2025-12-19 18:44:11,286 - root - INFO - Inventory Optimization initialized
2025-12-19 18:44:11,290 - root - INFO - ETL Service initialized
2025-12-19 18:44:15,019 - app - INFO - Application initialized successfully
2025-12-19 18:46:05,654 - root - INFO - MFA Service initialized successfully
2025-12-19 18:46:05,655 - root - INFO - Audit Service initialized successfully
2025-12-19 18:46:05,656 - root - INFO - Notification Service: Redis connection established
2025-12-19 18:46:05,657 - root - INFO - Initialized 15 notification templates
2025-12-19 18:46:05,657 - root - INFO - Notification Service initialized successfully
2025-12-19 18:46:05,657 - root - INFO - Payment Service initialized in sandbox mode
2025-12-19 18:46:05,658 - root - INFO - Risk Service initialized successfully
2025-12-19 18:46:05,659 - root - INFO - Dashboard Service initialized successfully
2025-12-19 18:46:05,661 - root - INFO - Currency Service: Redis connection established
2025-12-19 18:46:05,661 - root - INFO - Currency Service initialized successfully
2025-12-19 18:46:05,662 - root - INFO - USSD Service initialized with code: *123#
2025-12-19 18:46:05,662 - root - INFO - BI Integration Service initialized
2025-12-19 18:46:05,663 - root - INFO - KYC Service initialized
2025-12-19 18:46:05,663 - root - INFO - AML Service initialized
2025-12-19 18:46:05,664 - root - INFO - GDPR Service initialized
2025-12-19 18:46:05,664 - root - INFO - Voice Assistant initialized
2025-12-19 18:46:05,665 - root - INFO - Voice Analytics initialized
2025-12-19 18:46:05,665 - root - INFO - Demand Forecasting initialized
2025-12-19 18:46:05,666 - root - INFO - Inventory Optimization initialized
2025-12-19 18:46:05,666 - root - INFO - ETL Service initialized
2025-12-19 18:46:06,367 - app - INFO - Application initialized successfully
2025-12-19 18:46:41,533 - root - INFO - MFA Service initialized successfully
2025-12-19 18:46:41,534 - root - INFO - Audit Service initialized successfully
2025-12-19 18:46:41,537 - root - INFO - Notification Service: Redis connection established
2025-12-19 18:46:41,537 - root - INFO - Initialized 15 notification templates
2025-12-19 18:46:41,538 - root - INFO - Notification Service initialized successfully
2025-12-19 18:46:41,538 - root - INFO - Payment Service initialized in sandbox mode
2025-12-19 18:46:41,539 - root - INFO - Risk Service initialized successfully
2025-12-19 18:46:41,540 - root - INFO - Dashboard Service initialized successfully
2025-12-19 18:46:41,543 - root - INFO - Currency Service: Redis connection established
2025-12-19 18:46:41,543 - root - INFO - Currency Service initialized successfully
2025-12-19 18:46:41,544 - root - INFO - USSD Service initialized with code: *123#
2025-12-19 18:46:41,545 - root - INFO - BI Integration Service initialized
2025-12-19 18:46:41,546 - root - INFO - KYC Service initialized
2025-12-19 18:46:41,546 - root - INFO - AML Service initialized
2025-12-19 18:46:41,547 - root - INFO - GDPR Service initialized
2025-12-19 18:46:41,547 - root - INFO - Voice Assistant initialized
2025-12-19 18:46:41,548 - root - INFO - Voice Analytics initialized
2025-12-19 18:46:41,549 - root - INFO - Demand Forecasting initialized
2025-12-19 18:46:41,549 - root - INFO - Inventory Optimization initialized
2025-12-19 18:46:41,550 - root - INFO - ETL Service initialized
2025-12-19 18:46:42,484 - app - INFO - Application initialized successfully
2025-12-19 18:47:50,705 - root - INFO - MFA Service initialized successfully
2025-12-19 18:47:50,706 - root - INFO - Audit Service initialized successfully
2025-12-19 18:47:50,708 - root - INFO - Notification Service: Redis connection established
2025-12-19 18:47:50,708 - root - INFO - Initialized 15 notification templates
2025-12-19 18:47:50,709 - root - INFO - Notification Service initialized successfully
2025-12-19 18:47:50,709 - root - INFO - Payment Service initialized in sandbox mode
2025-12-19 18:47:50,710 - root - INFO - Risk Service initialized successfully
2025-12-19 18:47:50,710 - root - INFO - Dashboard Service initialized successfully
2025-12-19 18:47:50,712 - root - INFO - Currency Service: Redis connection established
2025-12-19 18:47:50,712 - root - INFO - Currency Service initialized successfully
2025-12-19 18:47:50,712 - root - INFO - USSD Service initialized with code: *123#
2025-12-19 18:47:50,713 - root - INFO - BI Integration Service initialized
2025-12-19 18:47:50,714 - root - INFO - KYC Service initialized
2025-12-19 18:47:50,715 - root - INFO - AML Service initialized
2025-12-19 18:47:50,716 - root - INFO - GDPR Service initialized
2025-12-19 18:47:50,718 - root - INFO - Voice Assistant initialized
2025-12-19 18:47:50,719 - root - INFO - Voice Analytics initialized
2025-12-19 18:47:50,720 - root - INFO - Demand Forecasting initialized
2025-12-19 18:47:50,721 - root - INFO - Inventory Optimization initialized
2025-12-19 18:47:50,722 - root - INFO - ETL Service initialized
2025-12-19 18:47:51,703 - app - INFO - Application initialized successfully
2025-12-19 18:57:39,221 - root - INFO - MFA Service initialized successfully
2025-12-19 18:57:39,232 - root - INFO - Audit Service initialized successfully
2025-12-19 18:57:39,250 - root - INFO - Notification Service: Redis connection established
2025-12-19 18:57:39,251 - root - INFO - Initialized 15 notification templates
2025-12-19 18:57:39,252 - root - INFO - Notification Service initialized successfully
2025-12-19 18:57:39,254 - root - INFO - Payment Service initialized in sandbox mode
2025-12-19 18:57:39,256 - root - INFO - Risk Service initialized successfully
2025-12-19 18:57:39,259 - root - INFO - Dashboard Service initialized successfully
2025-12-19 18:57:39,265 - root - INFO - Currency Service: Redis connection established
2025-12-19 18:57:39,265 - root - INFO - Currency Service initialized successfully
2025-12-19 18:57:39,268 - root - INFO - USSD Service initialized with code: *123#
2025-12-19 18:57:39,271 - root - INFO - BI Integration Service initialized
2025-12-19 18:57:39,274 - root - INFO - KYC Service initialized
2025-12-19 18:57:39,276 - root - INFO - AML Service initialized
2025-12-19 18:57:39,278 - root - INFO - GDPR Service initialized
2025-12-19 18:57:39,281 - root - INFO - Voice Assistant initialized
2025-12-19 18:57:39,283 - root - INFO - Voice Analytics initialized
2025-12-19 18:57:39,285 - root - INFO - Demand Forecasting initialized
2025-12-19 18:57:39,288 - root - INFO - Inventory Optimization initialized
2025-12-19 18:57:39,290 - root - INFO - ETL Service initialized
2025-12-19 18:57:42,212 - app - INFO - Application initialized successfully
2025-12-19 19:09:08,779 - root - INFO - MFA Service initialized successfully
2025-12-19 19:09:08,786 - root - INFO - Audit Service initialized successfully
2025-12-19 19:09:08,789 - root - INFO - Notification Service: Redis connection established
2025-12-19 19:09:08,789 - root - INFO - Initialized 15 notification templates
2025-12-19 19:09:08,790 - root - INFO - Notification Service initialized successfully
2025-12-19 19:09:08,791 - root - INFO - Payment Service initialized in sandbox mode
2025-12-19 19:09:08,792 - root - INFO - Risk Service initialized successfully
2025-12-19 19:09:08,792 - root - INFO - Dashboard Service initialized successfully
2025-12-19 19:09:08,795 - root - INFO - Currency Service: Redis connection established
2025-12-19 19:09:08,796 - root - INFO - Currency Service initialized successfully
2025-12-19 19:09:08,797 - root - INFO - USSD Service initialized with code: *123#
2025-12-19 19:09:08,799 - root - INFO - BI Integration Service initialized
2025-12-19 19:09:08,800 - root - INFO - KYC Service initialized
2025-12-19 19:09:08,801 - root - INFO - AML Service initialized
2025-12-19 19:09:08,802 - root - INFO - GDPR Service initialized
2025-12-19 19:09:08,803 - root - INFO - Voice Assistant initialized
2025-12-19 19:09:08,804 - root - INFO - Voice Analytics initialized
2025-12-19 19:09:08,805 - root - INFO - Demand Forecasting initialized
2025-12-19 19:09:08,807 - root - INFO - Inventory Optimization initialized
2025-12-19 19:09:08,808 - root - INFO - ETL Service initialized
2025-12-19 19:09:12,119 - app - INFO - Application initialized successfully
2025-12-19 19:16:01,133 - root - INFO - MFA Service initialized successfully
2025-12-19 19:16:01,134 - root - INFO - Audit Service initialized successfully
2025-12-19 19:16:01,135 - root - INFO - Notification Service: Redis connection established
2025-12-19 19:16:01,135 - root - INFO - Initialized 15 notification templates
2025-12-19 19:16:01,136 - root - INFO - Notification Service initialized successfully
2025-12-19 19:16:01,136 - root - INFO - Payment Service initialized in sandbox mode
2025-12-19 19:16:01,137 - root - INFO - Risk Service initialized successfully
2025-12-19 19:16:01,138 - root - INFO - Dashboard Service initialized successfully
2025-12-19 19:16:01,140 - root - INFO - Currency Service: Redis connection established
2025-12-19 19:16:01,140 - root - INFO - Currency Service initialized successfully
2025-12-19 19:16:01,141 - root - INFO - USSD Service initialized with code: *123#
2025-12-19 19:16:01,142 - root - INFO - BI Integration Service initialized
2025-12-19 19:16:01,143 - root - INFO - KYC Service initialized
2025-12-19 19:16:01,143 - root - INFO - AML Service initialized
2025-12-19 19:16:01,144 - root - INFO - GDPR Service initialized
2025-12-19 19:16:01,145 - root - INFO - Voice Assistant initialized
2025-12-19 19:16:01,145 - root - INFO - Voice Analytics initialized
2025-12-19 19:16:01,146 - root - INFO - Demand Forecasting initialized
2025-12-19 19:16:01,146 - root - INFO - Inventory Optimization initialized
2025-12-19 19:16:01,147 - root - INFO - ETL Service initialized
2025-12-19 19:16:01,619 - app - INFO - Application initialized successfully
2025-12-26 18:49:28,420 - prophet.plot - ERROR - Importing plotly failed. Interactive plots will not work.
2025-12-26 18:49:28,450 - root - INFO - MFA Service initialized successfully
2025-12-26 18:49:28,450 - root - INFO - Audit Service initialized successfully
2025-12-26 18:49:28,452 - root - INFO - Notification Service: Redis connection established
2025-12-26 18:49:28,452 - root - INFO - Initialized 18 notification templates
2025-12-26 18:49:28,452 - root - INFO - Notification Service initialized successfully
2025-12-26 18:49:28,453 - root - INFO - Payment Service initialized in sandbox mode
2025-12-26 18:49:28,454 - root - INFO - Risk Service initialized successfully
2025-12-26 18:49:28,455 - root - INFO - Redis connected successfully for dashboard service using REDIS_URL
2025-12-26 18:49:28,455 - root - INFO - Dashboard Service initialized successfully
2025-12-26 18:49:28,458 - root - INFO - Currency Service: Redis connection established
2025-12-26 18:49:28,458 - root - INFO - Currency Service initialized successfully
2025-12-26 18:49:28,459 - root - INFO - USSD Service initialized with code: *123#
2025-12-26 18:49:28,460 - root - INFO - BI Integration Service initialized
2025-12-26 18:49:28,461 - root - INFO - KYC Service initialized
2025-12-26 18:49:28,461 - root - INFO - AML Service initialized
2025-12-26 18:49:28,462 - root - INFO - GDPR Service initialized
2025-12-26 18:49:28,462 - root - INFO - Voice Assistant initialized
2025-12-26 18:49:28,463 - root - INFO - Voice Analytics initialized
2025-12-26 18:49:28,463 - root - INFO - Demand Forecasting initialized
2025-12-26 18:49:28,463 - root - INFO - Inventory Optimization initialized
2025-12-26 18:49:28,464 - root - INFO - ETL Service initialized
2025-12-26 18:49:29,360 - app - INFO - Application initialized successfully
2025-12-26 18:51:37,503 - prophet.plot - ERROR - Importing plotly failed. Interactive plots will not work.
2025-12-26 18:51:37,508 - root - INFO - MFA Service initialized successfully
2025-12-26 18:51:37,508 - root - INFO - Audit Service initialized successfully
2025-12-26 18:51:37,510 - root - INFO - Notification Service: Redis connection established
2025-12-26 18:51:37,510 - root - INFO - Initialized 18 notification templates
2025-12-26 18:51:37,510 - root - INFO - Notification Service initialized successfully
2025-12-26 18:51:37,511 - root - INFO - Payment Service initialized in sandbox mode
2025-12-26 18:51:37,512 - root - INFO - Risk Service initialized successfully
2025-12-26 18:51:37,513 - root - INFO - Redis connected successfully for dashboard service using REDIS_URL
2025-12-26 18:51:37,513 - root - INFO - Dashboard Service initialized successfully
2025-12-26 18:51:37,516 - root - INFO - Currency Service: Redis connection established
2025-12-26 18:51:37,516 - root - INFO - Currency Service initialized successfully
2025-12-26 18:51:37,516 - root - INFO - USSD Service initialized with code: *123#
2025-12-26 18:51:37,517 - root - INFO - BI Integration Service initialized
2025-12-26 18:51:37,517 - root - INFO - KYC Service initialized
2025-12-26 18:51:37,518 - root - INFO - AML Service initialized
2025-12-26 18:51:37,519 - root - INFO - GDPR Service initialized
2025-12-26 18:51:37,520 - root - INFO - Voice Assistant initialized
2025-12-26 18:51:37,521 - root - INFO - Voice Analytics initialized
2025-12-26 18:51:37,521 - root - INFO - Demand Forecasting initialized
2025-12-26 18:51:37,522 - root - INFO - Inventory Optimization initialized
2025-12-26 18:51:37,523 - root - INFO - ETL Service initialized
2025-12-26 18:51:38,146 - app - INFO - Application initialized successfully
2025-12-26 18:51:38,463 - app - INFO - Request 5cba2337-c537-4d08-9ae4-749d77b00077: GET http://localhost/api/dashboard/stats
2025-12-26 18:51:38,467 - app.routes.dashboard - INFO - Dashboard stats requested by admin (Role: admin, Admin: True, Branch: None)
2025-12-26 18:51:38,471 - app.routes.dashboard - INFO - Total Loans: 1
2025-12-26 18:51:38,474 - app.routes.dashboard - INFO - Total Savings: 5000.00
2025-12-26 18:51:38,477 - app.routes.dashboard - INFO - Active Members: 1
2025-12-26 18:51:38,484 - app.routes.dashboard - INFO - Collection Rate: 0 (Repaid: 0, Processed: 0)
2025-12-26 18:51:38,487 - app.routes.dashboard - INFO - Pending Approvals: 0
2025-12-26 18:51:38,491 - app.routes.dashboard - INFO - Average Loan: 15000.0000000000000000
2025-12-26 18:51:38,495 - app.routes.dashboard - INFO - Growth: 0 (Current: 1, Prev: 0)
2025-12-26 18:53:20,509 - prophet.plot - ERROR - Importing plotly failed. Interactive plots will not work.
2025-12-26 18:53:20,514 - root - INFO - MFA Service initialized successfully
2025-12-26 18:53:20,514 - root - INFO - Audit Service initialized successfully
2025-12-26 18:53:20,516 - root - INFO - Notification Service: Redis connection established
2025-12-26 18:53:20,516 - root - INFO - Initialized 18 notification templates
2025-12-26 18:53:20,516 - root - INFO - Notification Service initialized successfully
2025-12-26 18:53:20,517 - root - INFO - Payment Service initialized in sandbox mode
2025-12-26 18:53:20,518 - root - INFO - Risk Service initialized successfully
2025-12-26 18:53:20,519 - root - INFO - Redis connected successfully for dashboard service using REDIS_URL
2025-12-26 18:53:20,519 - root - INFO - Dashboard Service initialized successfully
2025-12-26 18:53:20,522 - root - INFO - Currency Service: Redis connection established
2025-12-26 18:53:20,522 - root - INFO - Currency Service initialized successfully
2025-12-26 18:53:20,523 - root - INFO - USSD Service initialized with code: *123#
2025-12-26 18:53:20,524 - root - INFO - BI Integration Service initialized
2025-12-26 18:53:20,524 - root - INFO - KYC Service initialized
2025-12-26 18:53:20,525 - root - INFO - AML Service initialized
2025-12-26 18:53:20,526 - root - INFO - GDPR Service initialized
2025-12-26 18:53:20,526 - root - INFO - Voice Assistant initialized
2025-12-26 18:53:20,527 - root - INFO - Voice Analytics initialized
2025-12-26 18:53:20,527 - root - INFO - Demand Forecasting initialized
2025-12-26 18:53:20,528 - root - INFO - Inventory Optimization initialized
2025-12-26 18:53:20,528 - root - INFO - ETL Service initialized
2025-12-26 18:53:21,036 - app - INFO - Application initialized successfully
2025-12-26 18:55:06,997 - prophet.plot - ERROR - Importing plotly failed. Interactive plots will not work.
2025-12-26 18:55:07,005 - root - INFO - MFA Service initialized successfully
2025-12-26 18:55:07,006 - root - INFO - Audit Service initialized successfully
2025-12-26 18:55:07,007 - root - INFO - Notification Service: Redis connection established
2025-12-26 18:55:07,007 - root - INFO - Initialized 18 notification templates
2025-12-26 18:55:07,008 - root - INFO - Notification Service initialized successfully
2025-12-26 18:55:07,008 - root - INFO - Payment Service initialized in sandbox mode
2025-12-26 18:55:07,009 - root - INFO - Risk Service initialized successfully
2025-12-26 18:55:07,010 - root - INFO - Redis connected successfully for dashboard service using REDIS_URL
2025-12-26 18:55:07,010 - root - INFO - Dashboard Service initialized successfully
2025-12-26 18:55:07,012 - root - INFO - Currency Service: Redis connection established
2025-12-26 18:55:07,012 - root - INFO - Currency Service initialized successfully
2025-12-26 18:55:07,013 - root - INFO - USSD Service initialized with code: *123#
2025-12-26 18:55:07,013 - root - INFO - BI Integration Service initialized
2025-12-26 18:55:07,014 - root - INFO - KYC Service initialized
2025-12-26 18:55:07,014 - root - INFO - AML Service initialized
2025-12-26 18:55:07,015 - root - INFO - GDPR Service initialized
2025-12-26 18:55:07,015 - root - INFO - Voice Assistant initialized
2025-12-26 18:55:07,016 - root - INFO - Voice Analytics initialized
2025-12-26 18:55:07,016 - root - INFO - Demand Forecasting initialized
2025-12-26 18:55:07,017 - root - INFO - Inventory Optimization initialized
2025-12-26 18:55:07,017 - root - INFO - ETL Service initialized
2025-12-26 18:55:07,523 - app - INFO - Application initialized successfully
2025-12-26 18:55:07,775 - app - INFO - Request 4c37474e-ca8c-4ed5-a741-c70a493bf668: GET http://localhost/api/dashboard/stats
2025-12-26 18:55:07,780 - app.routes.dashboard - INFO - Dashboard stats requested by admin (Role: admin, Branch Filter: None)
2025-12-26 18:55:07,784 - app.routes.dashboard - INFO - Total Loans found: 1 with statuses ['pending', 'under_review', 'approved', 'disbursed', 'released', 'repaid', 'completed']
2025-12-26 18:55:07,788 - app.routes.dashboard - INFO - Total Savings found: 5000.00
2025-12-26 18:55:07,791 - app.routes.dashboard - INFO - Active Members found: 1
2025-12-26 18:55:07,797 - app.routes.dashboard - INFO - Collection Rate: 0 (Repaid: 0, Processed: 0)
2025-12-26 18:55:07,803 - app.routes.dashboard - INFO - Average Loan: 15000.0000000000000000
2025-12-26 18:55:07,808 - app.routes.dashboard - INFO - Growth: 0 (Current: 1, Prev: 0)
2025-12-26 18:57:54,874 - prophet.plot - ERROR - Importing plotly failed. Interactive plots will not work.
2025-12-26 18:57:54,879 - root - INFO - MFA Service initialized successfully
2025-12-26 18:57:54,880 - root - INFO - Audit Service initialized successfully
2025-12-26 18:57:54,881 - root - INFO - Notification Service: Redis connection established
2025-12-26 18:57:54,882 - root - INFO - Initialized 18 notification templates
2025-12-26 18:57:54,882 - root - INFO - Notification Service initialized successfully
2025-12-26 18:57:54,883 - root - INFO - Payment Service initialized in sandbox mode
2025-12-26 18:57:54,883 - root - INFO - Risk Service initialized successfully
2025-12-26 18:57:54,885 - root - INFO - Redis connected successfully for dashboard service using REDIS_URL
2025-12-26 18:57:54,885 - root - INFO - Dashboard Service initialized successfully
2025-12-26 18:57:54,887 - root - INFO - Currency Service: Redis connection established
2025-12-26 18:57:54,887 - root - INFO - Currency Service initialized successfully
2025-12-26 18:57:54,888 - root - INFO - USSD Service initialized with code: *123#
2025-12-26 18:57:54,888 - root - INFO - BI Integration Service initialized
2025-12-26 18:57:54,888 - root - INFO - KYC Service initialized
2025-12-26 18:57:54,889 - root - INFO - AML Service initialized
2025-12-26 18:57:54,890 - root - INFO - GDPR Service initialized
2025-12-26 18:57:54,891 - root - INFO - Voice Assistant initialized
2025-12-26 18:57:54,892 - root - INFO - Voice Analytics initialized
2025-12-26 18:57:54,892 - root - INFO - Demand Forecasting initialized
2025-12-26 18:57:54,893 - root - INFO - Inventory Optimization initialized
2025-12-26 18:57:54,894 - root - INFO - ETL Service initialized
2025-12-26 18:57:55,381 - app - INFO - Application initialized successfully
2025-12-26 18:57:55,736 - app - INFO - Request 0d0c5d66-019e-4711-b4c1-9ea6120cfab3: GET http://localhost/api/dashboard/stats
2025-12-26 18:57:55,740 - app.routes.dashboard - INFO - Dashboard stats requested by BOAZ123 (Role: field_officer, Branch Filter: 8)
2025-12-26 18:57:55,746 - app.routes.dashboard - INFO - Total Loans found: 1 with statuses ['pending', 'under_review', 'approved', 'disbursed', 'released', 'repaid', 'completed']
2025-12-26 18:57:55,749 - app.routes.dashboard - INFO - Total Savings found: 5000.00
2025-12-26 18:57:55,752 - app.routes.dashboard - INFO - Active Members found: 1
2025-12-26 18:57:55,799 - app.routes.dashboard - INFO - Collection Rate: 0 (Repaid: 0, Processed: 0)
2025-12-26 18:57:55,804 - app.routes.dashboard - INFO - Average Loan: 15000.0000000000000000
2025-12-26 18:57:55,811 - app.routes.dashboard - INFO - Growth: 0 (Current: 1, Prev: 0)
2025-12-26 18:59:10,322 - prophet.plot - ERROR - Importing plotly failed. Interactive plots will not work.
2025-12-26 18:59:10,327 - root - INFO - MFA Service initialized successfully
2025-12-26 18:59:10,329 - root - INFO - Audit Service initialized successfully
2025-12-26 18:59:10,331 - root - INFO - Notification Service: Redis connection established
2025-12-26 18:59:10,331 - root - INFO - Initialized 18 notification templates
2025-12-26 18:59:10,331 - root - INFO - Notification Service initialized successfully
2025-12-26 18:59:10,332 - root - INFO - Payment Service initialized in sandbox mode
2025-12-26 18:59:10,332 - root - INFO - Risk Service initialized successfully
2025-12-26 18:59:10,335 - root - INFO - Redis connected successfully for dashboard service using REDIS_URL
2025-12-26 18:59:10,335 - root - INFO - Dashboard Service initialized successfully
2025-12-26 18:59:10,345 - root - INFO - Currency Service: Redis connection established
2025-12-26 18:59:10,345 - root - INFO - Currency Service initialized successfully
2025-12-26 18:59:10,346 - root - INFO - USSD Service initialized with code: *123#
2025-12-26 18:59:10,346 - root - INFO - BI Integration Service initialized
2025-12-26 18:59:10,347 - root - INFO - KYC Service initialized
2025-12-26 18:59:10,347 - root - INFO - AML Service initialized
2025-12-26 18:59:10,348 - root - INFO - GDPR Service initialized
2025-12-26 18:59:10,349 - root - INFO - Voice Assistant initialized
2025-12-26 18:59:10,349 - root - INFO - Voice Analytics initialized
2025-12-26 18:59:10,350 - root - INFO - Demand Forecasting initialized
2025-12-26 18:59:10,350 - root - INFO - Inventory Optimization initialized
2025-12-26 18:59:10,351 - root - INFO - ETL Service initialized
2025-12-26 18:59:10,907 - app - INFO - Application initialized successfully
2025-12-26 18:59:11,387 - app - INFO - Request 47fcc719-2faa-476c-9941-c80082f79915: GET http://localhost/api/dashboard/stats
2025-12-26 18:59:11,395 - app.routes.dashboard - INFO - Dashboard stats requested by KDMAIYO (Role: it_support, Branch Filter: None)
2025-12-26 18:59:11,401 - app.routes.dashboard - INFO - Total Loans found: 1 with statuses ['pending', 'under_review', 'approved', 'disbursed', 'released', 'repaid', 'completed']
2025-12-26 18:59:11,406 - app.routes.dashboard - INFO - Total Savings found: 5000.00
2025-12-26 18:59:11,412 - app.routes.dashboard - INFO - Active Members found: 1
2025-12-26 18:59:11,424 - app.routes.dashboard - INFO - Collection Rate: 0 (Repaid: 0, Processed: 0)
2025-12-26 18:59:11,434 - app.routes.dashboard - INFO - Average Loan: 15000.0000000000000000
2025-12-26 18:59:11,448 - app.routes.dashboard - INFO - Growth: 0 (Current: 1, Prev: 0)
2025-12-27 02:30:19,785 - prophet.plot - ERROR - Importing plotly failed. Interactive plots will not work.
2025-12-27 02:30:19,894 - root - INFO - MFA Service initialized successfully
2025-12-27 02:30:19,897 - root - INFO - Audit Service initialized successfully
2025-12-27 02:30:19,907 - root - INFO - Notification Service: Redis connection established
2025-12-27 02:30:19,909 - root - INFO - Initialized 18 notification templates
2025-12-27 02:30:19,911 - root - INFO - Notification Service initialized successfully
2025-12-27 02:30:19,912 - root - INFO - Payment Service initialized in sandbox mode
2025-12-27 02:30:19,914 - root - INFO - Risk Service initialized successfully
2025-12-27 02:30:19,921 - root - INFO - Redis connected successfully for dashboard service using REDIS_URL
2025-12-27 02:30:19,922 - root - INFO - Dashboard Service initialized successfully
2025-12-27 02:30:19,926 - root - INFO - Currency Service: Redis connection established
2025-12-27 02:30:19,926 - root - INFO - Currency Service initialized successfully
2025-12-27 02:30:19,927 - root - INFO - USSD Service initialized with code: *123#
2025-12-27 02:30:19,928 - root - INFO - BI Integration Service initialized
2025-12-27 02:30:19,930 - root - INFO - KYC Service initialized
2025-12-27 02:30:19,931 - root - INFO - AML Service initialized
2025-12-27 02:30:19,932 - root - INFO - GDPR Service initialized
2025-12-27 02:30:19,933 - root - INFO - Voice Assistant initialized
2025-12-27 02:30:19,935 - root - INFO - Voice Analytics initialized
2025-12-27 02:30:19,936 - root - INFO - Demand Forecasting initialized
2025-12-27 02:30:19,936 - root - INFO - Inventory Optimization initialized
2025-12-27 02:30:19,937 - root - INFO - ETL Service initialized
2025-12-27 02:30:25,369 - app - INFO - Application initialized successfully
2025-12-27 02:31:14,788 - prophet.plot - ERROR - Importing plotly failed. Interactive plots will not work.
2025-12-27 02:31:14,794 - root - INFO - MFA Service initialized successfully
2025-12-27 02:31:14,795 - root - INFO - Audit Service initialized successfully
2025-12-27 02:31:14,797 - root - INFO - Notification Service: Redis connection established
2025-12-27 02:31:14,797 - root - INFO - Initialized 18 notification templates
2025-12-27 02:31:14,797 - root - INFO - Notification Service initialized successfully
2025-12-27 02:31:14,798 - root - INFO - Payment Service initialized in sandbox mode
2025-12-27 02:31:14,798 - root - INFO - Risk Service initialized successfully
2025-12-27 02:31:14,800 - root - INFO - Redis connected successfully for dashboard service using REDIS_URL
2025-12-27 02:31:14,800 - root - INFO - Dashboard Service initialized successfully
2025-12-27 02:31:14,802 - root - INFO - Currency Service: Redis connection established
2025-12-27 02:31:14,802 - root - INFO - Currency Service initialized successfully
2025-12-27 02:31:14,803 - root - INFO - USSD Service initialized with code: *123#
2025-12-27 02:31:14,803 - root - INFO - BI Integration Service initialized
2025-12-27 02:31:14,804 - root - INFO - KYC Service initialized
2025-12-27 02:31:14,805 - root - INFO - AML Service initialized
2025-12-27 02:31:14,805 - root - INFO - GDPR Service initialized
2025-12-27 02:31:14,806 - root - INFO - Voice Assistant initialized
2025-12-27 02:31:14,807 - root - INFO - Voice Analytics initialized
2025-12-27 02:31:14,807 - root - INFO - Demand Forecasting initialized
2025-12-27 02:31:14,808 - root - INFO - Inventory Optimization initialized
2025-12-27 02:31:14,808 - root - INFO - ETL Service initialized
2025-12-27 02:31:15,419 - app - INFO - Application initialized successfully
2025-12-27 02:32:29,589 - prophet.plot - ERROR - Importing plotly failed. Interactive plots will not work.
2025-12-27 02:32:29,598 - root - INFO - MFA Service initialized successfully
2025-12-27 02:32:29,600 - root - INFO - Audit Service initialized successfully
2025-12-27 02:32:29,603 - root - INFO - Notification Service: Redis connection established
2025-12-27 02:32:29,605 - root - INFO - Initialized 18 notification templates
2025-12-27 02:32:29,605 - root - INFO - Notification Service initialized successfully
2025-12-27 02:32:29,606 - root - INFO - Payment Service initialized in sandbox mode
2025-12-27 02:32:29,607 - root - INFO - Risk Service initialized successfully
2025-12-27 02:32:29,609 - root - INFO - Redis connected successfully for dashboard service using REDIS_URL
2025-12-27 02:32:29,610 - root - INFO - Dashboard Service initialized successfully
2025-12-27 02:32:29,614 - root - INFO - Currency Service: Redis connection established
2025-12-27 02:32:29,614 - root - INFO - Currency Service initialized successfully
2025-12-27 02:32:29,616 - root - INFO - USSD Service initialized with code: *123#
2025-12-27 02:32:29,617 - root - INFO - BI Integration Service initialized
2025-12-27 02:32:29,621 - root - INFO - KYC Service initialized
2025-12-27 02:32:29,622 - root - INFO - AML Service initialized
2025-12-27 02:32:29,623 - root - INFO - GDPR Service initialized
2025-12-27 02:32:29,627 - root - INFO - Voice Assistant initialized
2025-12-27 02:32:29,628 - root - INFO - Voice Analytics initialized
2025-12-27 02:32:29,629 - root - INFO - Demand Forecasting initialized
2025-12-27 02:32:29,629 - root - INFO - Inventory Optimization initialized
2025-12-27 02:32:29,631 - root - INFO - ETL Service initialized
2025-12-27 02:32:30,816 - app - INFO - Application initialized successfully
